2025-04-02T02:46:36.062Z [INFO]: Usuario taxes247.help@gmail.com inició sesión con Google
2025-04-02T02:46:47.161Z [INFO]: Estado de solicitud 67e9eafb911936b84d0280f9 actualizado a 'Aprobada' por admin taxes247.help@gmail.com
2025-04-02T02:48:45.589Z [INFO]: Usuario alanromerod.266@gmail.com inició sesión con Google
2025-04-02T02:49:16.957Z [INFO]: Nueva solicitud creada: C4361B por usuario JJZ8Wvn4NgOjCfrbvLPhSv07YVw1
2025-04-02T02:49:18.299Z [INFO]: Correo de confirmación enviado para solicitud C4361B
2025-04-02T02:49:20.019Z [INFO]: Notificación de nueva solicitud enviada al administrador para solicitud C4361B
2025-04-02T02:55:22.713Z [INFO]: Usuario alanromerod.266@gmail.com inició sesión con Google
2025-04-02T03:07:34.415Z [INFO]: Usuario alanromerod.266@gmail.com inició sesión con Google
2025-04-02T03:08:51.863Z [INFO]: Usuario alan.266@hotmail.com inició sesión
2025-04-02T03:09:02.570Z [INFO]: Usuario taxes247.help@gmail.com inició sesión con Google
2025-04-02T03:11:36.793Z [INFO]: Usuario alanromerod.266@gmail.com inició sesión con Google
2025-04-02T03:17:35.377Z [INFO]: Usuario alan.266@hotmail.com inició sesión
2025-04-02T03:19:01.500Z [INFO]: Usuario alanromerod.266@gmail.com inició sesión con Google
2025-04-02T03:20:08.490Z [INFO]: Usuario alanromerod.266@gmail.com inició sesión con Google
2025-04-02T03:22:03.639Z [INFO]: Usuario alan.266@hotmail.com inició sesión
2025-04-02T03:24:37.240Z [INFO]: Usuario taxes247.help@gmail.com inició sesión con Google
2025-04-02T03:37:08.177Z [INFO]: Usuario alan.266@hotmail.com inició sesión
2025-04-02T03:38:36.161Z [INFO]: Usuario alanromerod.266@gmail.com inició sesión con Google
2025-04-02T03:39:16.669Z [INFO]: Usuario alanromerod.266@gmail.com inició sesión con Google
2025-04-02T03:46:12.441Z [INFO]: Usuario taxes247.help@gmail.com inició sesión con Google
2025-04-02T03:54:48.955Z [INFO]: Usuario alan.266@hotmail.com inició sesión
2025-04-02T03:55:12.416Z [INFO]: Usuario alan.266@hotmail.com inició sesión
2025-04-02T03:56:25.554Z [INFO]: Usuario alanromerod.266@gmail.com inició sesión con Google
2025-04-02T03:59:58.501Z [INFO]: Nueva solicitud creada: 098B96 por usuario JJZ8Wvn4NgOjCfrbvLPhSv07YVw1
2025-04-02T03:59:59.974Z [INFO]: Correo de confirmación enviado para solicitud 098B96
2025-04-02T04:00:01.320Z [INFO]: Notificación de nueva solicitud enviada al administrador para solicitud 098B96
2025-04-02T04:00:24.344Z [INFO]: Usuario alanromerod.266@gmail.com inició sesión con Google
2025-04-02T04:02:15.070Z [INFO]: Usuario alan.266@hotmail.com inició sesión
2025-04-02T04:03:26.459Z [INFO]: Usuario taxes247.help@gmail.com inició sesión con Google
2025-04-02T04:04:24.819Z [INFO]: Usuario alanromerod.266@gmail.com inició sesión con Google
2025-04-02T04:04:38.635Z [INFO]: Usuario alan.266@hotmail.com inició sesión
2025-04-02T04:05:00.443Z [INFO]: Usuario alanromerod.266@gmail.com inició sesión con Google
2025-04-02T04:30:26.169Z [INFO]: Usuario alan.266@hotmail.com inició sesión
